<!DOCTYPE html>
<html lang="es">
<head>
    <meta charset="UTF-8">
    <meta name="viewport" content="width=device-width, initial-scale=1.0">
    <title>Dashboard de Pruebas - Planifika Users API</title>
    <style>
        * {
            margin: 0;
            padding: 0;
            box-sizing: border-box;
        }
        
        body {
            font-family: 'Segoe UI', Tahoma, Geneva, Verdana, sans-serif;
            background: linear-gradient(135deg, #667eea 0%, #764ba2 100%);
            min-height: 100vh;
            padding: 20px;
            color: #333;
        }
        
        .container {
            max-width: 1400px;
            margin: 0 auto;
            background: white;
            border-radius: 15px;
            box-shadow: 0 20px 60px rgba(0,0,0,0.3);
            overflow: hidden;
        }
        
        .header {
            background: linear-gradient(135deg, #667eea 0%, #764ba2 100%);
            color: white;
            padding: 30px;
            text-align: center;
        }
        
        .header h1 {
            font-size: 2.5em;
            margin-bottom: 10px;
        }
        
        .header .timestamp {
            opacity: 0.9;
            font-size: 0.9em;
        }
        
        .stats-grid {
            display: grid;
            grid-template-columns: repeat(auto-fit, minmax(200px, 1fr));
            gap: 20px;
            padding: 30px;
            background: #f8f9fa;
        }
        
        .stat-card {
            background: white;
            padding: 25px;
            border-radius: 10px;
            box-shadow: 0 2px 10px rgba(0,0,0,0.1);
            text-align: center;
            transition: transform 0.3s;
        }
        
        .stat-card:hover {
            transform: translateY(-5px);
            box-shadow: 0 5px 20px rgba(0,0,0,0.15);
        }
        
        .stat-card.passed {
            border-left: 5px solid #28a745;
        }
        
        .stat-card.failed {
            border-left: 5px solid #dc3545;
        }
        
        .stat-card.errors {
            border-left: 5px solid #ffc107;
        }
        
        .stat-card.skipped {
            border-left: 5px solid #6c757d;
        }
        
        .stat-card.total {
            border-left: 5px solid #007bff;
        }
        
        .stat-value {
            font-size: 2.5em;
            font-weight: bold;
            margin: 10px 0;
        }
        
        .stat-label {
            color: #666;
            font-size: 0.9em;
            text-transform: uppercase;
            letter-spacing: 1px;
        }
        
        .progress-bar-container {
            margin: 30px;
            background: #f8f9fa;
            padding: 20px;
            border-radius: 10px;
        }
        
        .progress-bar {
            width: 100%;
            height: 40px;
            background: #e9ecef;
            border-radius: 20px;
            overflow: hidden;
            position: relative;
            box-shadow: inset 0 2px 5px rgba(0,0,0,0.1);
        }
        
        .progress-fill {
            height: 100%;
            background: linear-gradient(90deg, #28a745 0%, #20c997 100%);
            transition: width 0.5s ease;
            display: flex;
            align-items: center;
            justify-content: center;
            color: white;
            font-weight: bold;
            font-size: 0.9em;
        }
        
        .progress-text {
            text-align: center;
            margin-top: 10px;
            font-size: 1.1em;
            font-weight: bold;
            color: #333;
        }
        
        .suites-section {
            padding: 30px;
        }
        
        .suite-card {
            background: #f8f9fa;
            border-radius: 10px;
            margin-bottom: 20px;
            overflow: hidden;
            box-shadow: 0 2px 10px rgba(0,0,0,0.1);
        }
        
        .suite-header {
            background: linear-gradient(135deg, #667eea 0%, #764ba2 100%);
            color: white;
            padding: 20px;
            cursor: pointer;
            display: flex;
            justify-content: space-between;
            align-items: center;
            transition: background 0.3s;
        }
        
        .suite-header:hover {
            background: linear-gradient(135deg, #764ba2 0%, #667eea 100%);
        }
        
        .suite-header h3 {
            margin: 0;
            font-size: 1.3em;
        }
        
        .suite-stats {
            display: flex;
            gap: 15px;
            font-size: 0.9em;
            opacity: 0.9;
        }
        
        .suite-content {
            padding: 20px;
            display: none;
        }
        
        .suite-content.active {
            display: block;
        }
        
        .test-table {
            width: 100%;
            border-collapse: collapse;
            margin-top: 15px;
        }
        
        .test-table th {
            background: #667eea;
            color: white;
            padding: 12px;
            text-align: left;
            font-weight: 600;
        }
        
        .test-table td {
            padding: 12px;
            border-bottom: 1px solid #e9ecef;
        }
        
        .test-table tr:hover {
            background: #f8f9fa;
        }
        
        .status-badge {
            display: inline-block;
            padding: 5px 12px;
            border-radius: 20px;
            font-size: 0.85em;
            font-weight: bold;
            text-transform: uppercase;
        }
        
        .status-passed {
            background: #d4edda;
            color: #155724;
        }
        
        .status-failure {
            background: #f8d7da;
            color: #721c24;
        }
        
        .status-error {
            background: #fff3cd;
            color: #856404;
        }
        
        .status-skipped {
            background: #e2e3e5;
            color: #383d41;
        }
        
        .error-details {
            background: #fff3cd;
            border-left: 4px solid #ffc107;
            padding: 10px;
            margin-top: 5px;
            border-radius: 4px;
            font-family: 'Courier New', monospace;
            font-size: 0.85em;
            max-height: 200px;
            overflow-y: auto;
            white-space: pre-wrap;
            word-wrap: break-word;
        }
        
        .time-badge {
            background: #e7f3ff;
            color: #004085;
            padding: 3px 8px;
            border-radius: 12px;
            font-size: 0.85em;
        }
        
        .footer {
            background: #f8f9fa;
            padding: 20px;
            text-align: center;
            color: #666;
            border-top: 1px solid #e9ecef;
        }
        
        @media (max-width: 768px) {
            .stats-grid {
                grid-template-columns: 1fr;
            }
            
            .header h1 {
                font-size: 1.8em;
            }
        }
    </style>
</head>
<body>
    <div class="container">
        <div class="header">
            <h1>üìä Dashboard de Pruebas</h1>
            <div class="timestamp">Generado el 2025-11-11 17:17:19</div>
        </div>
        
        <div class="stats-grid">
            <div class="stat-card total">
                <div class="stat-label">Total de Pruebas</div>
                <div class="stat-value">56</div>
            </div>
            <div class="stat-card passed">
                <div class="stat-label">Exitosas</div>
                <div class="stat-value" style="color: #28a745;">48</div>
            </div>
            <div class="stat-card failed">
                <div class="stat-label">Fallidas</div>
                <div class="stat-value" style="color: #dc3545;">7</div>
            </div>
            <div class="stat-card errors">
                <div class="stat-label">Errores</div>
                <div class="stat-value" style="color: #ffc107;">1</div>
            </div>
            <div class="stat-card skipped">
                <div class="stat-label">Omitidas</div>
                <div class="stat-value" style="color: #6c757d;">0</div>
            </div>
            <div class="stat-card total">
                <div class="stat-label">Tiempo Total</div>
                <div class="stat-value" style="color: #007bff;">12.52s</div>
            </div>
        </div>
        
        <div class="progress-bar-container">
            <div class="progress-bar">
                <div class="progress-fill" style="width: 85.71428571428571%;">
                    85.7%
                </div>
            </div>
            <div class="progress-text">
                Tasa de √âxito: 85.7% (48 de 56 pruebas)
            </div>
        </div>
        
        <div class="suites-section">
            <h2 style="margin-bottom: 20px; color: #333;">üìã Suites de Pruebas</h2>

            <div class="suite-card">
                <div class="suite-header" onclick="toggleSuite('suite-0')">
                    <h3>com.planifikausersapi.usersapi.service.AuthServiceTest</h3>
                    <div class="suite-stats">
                        <span>‚úÖ 6</span>
                        <span>‚ùå 3</span>
                        <span>‚è±Ô∏è 3.43s</span>
                        <span>üìä 9 pruebas</span>
                    </div>
                </div>
                <div class="suite-content" id="suite-0">
                    <table class="test-table">
                        <thead>
                            <tr>
                                <th>Prueba</th>
                                <th>Clase</th>
                                <th>Estado</th>
                                <th>Tiempo</th>
                            </tr>
                        </thead>
                        <tbody>

                            <tr>
                                <td><strong>testGetUserWithDatabaseInfo_Success</strong></td>
                                <td>Pruebas para AuthService</td>
                                <td><span class="status-badge status-passed">‚úÖ Exitoso</span></td>
                                <td><span class="time-badge">3.139s</span></td>
                            </tr>


                            <tr>
                                <td><strong>testSignUp_Success</strong></td>
                                <td>Pruebas para AuthService</td>
                                <td><span class="status-badge status-failure">‚ùå Fallido</span></td>
                                <td><span class="time-badge">0.072s</span></td>
                            </tr>

                            <tr>
                                <td colspan="4">
                                    <div class="error-details">
                                        <strong>org.opentest4j.AssertionFailedError:</strong><br>
                                        org.opentest4j.AssertionFailedError: expected: <false> but was: <true>
	at org.junit.jupiter.api.AssertionFailureBuilder.build(AssertionFailureBuilder.java:151)
	at org.junit.jupiter.api.AssertionFailureBuilder.buildAndThrow(AssertionFailureBuilder.java:132)
	at org.junit.jupiter.api.AssertFalse.failNotFalse(AssertFalse.java:63)
	at org.junit.jupiter.api.AssertFalse.assertFalse(AssertFalse.java:36)
	at org.junit.jupiter.api.AssertFalse.assertFalse(AssertFalse.java:31)
	at org.junit.jupiter.api.A
                                    </div>
                                </td>
                            </tr>


                            <tr>
                                <td><strong>testGetUser_Success</strong></td>
                                <td>Pruebas para AuthService</td>
                                <td><span class="status-badge status-passed">‚úÖ Exitoso</span></td>
                                <td><span class="time-badge">0.017s</span></td>
                            </tr>


                            <tr>
                                <td><strong>testUpdateProfile_Success</strong></td>
                                <td>Pruebas para AuthService</td>
                                <td><span class="status-badge status-failure">‚ùå Fallido</span></td>
                                <td><span class="time-badge">0.031s</span></td>
                            </tr>

                            <tr>
                                <td colspan="4">
                                    <div class="error-details">
                                        <strong>java.lang.AssertionError:</strong><br>
                                        java.lang.AssertionError: expectation "assertNext" failed (expected: onNext(); actual: onError(java.lang.RuntimeException: Cannot invoke "org.springframework.web.reactive.function.client.WebClient$RequestBodySpec.contentType(org.springframework.http.MediaType)" because the return value of "org.springframework.web.reactive.function.client.WebClient$RequestBodySpec.headers(java.util.function.Consumer)" is null))
	at reactor.test.MessageFormatter.assertionError(MessageFormatter.java:115)
	at reacto
                                    </div>
                                </td>
                            </tr>


                            <tr>
                                <td><strong>testSignIn_Success</strong></td>
                                <td>Pruebas para AuthService</td>
                                <td><span class="status-badge status-passed">‚úÖ Exitoso</span></td>
                                <td><span class="time-badge">0.019s</span></td>
                            </tr>


                            <tr>
                                <td><strong>testGetUserWithDatabaseInfo_UserNotFound</strong></td>
                                <td>Pruebas para AuthService</td>
                                <td><span class="status-badge status-passed">‚úÖ Exitoso</span></td>
                                <td><span class="time-badge">0.016s</span></td>
                            </tr>


                            <tr>
                                <td><strong>testUpdateProfile_NoFields</strong></td>
                                <td>Pruebas para AuthService</td>
                                <td><span class="status-badge status-passed">‚úÖ Exitoso</span></td>
                                <td><span class="time-badge">0.014s</span></td>
                            </tr>


                            <tr>
                                <td><strong>testUpdateProfile_PasswordOnly</strong></td>
                                <td>Pruebas para AuthService</td>
                                <td><span class="status-badge status-failure">‚ùå Fallido</span></td>
                                <td><span class="time-badge">0.021s</span></td>
                            </tr>

                            <tr>
                                <td colspan="4">
                                    <div class="error-details">
                                        <strong>java.lang.AssertionError:</strong><br>
                                        java.lang.AssertionError: expectation "assertNext" failed (expected: onNext(); actual: onError(java.lang.RuntimeException: Cannot invoke "org.springframework.web.reactive.function.client.WebClient$RequestBodySpec.contentType(org.springframework.http.MediaType)" because the return value of "org.springframework.web.reactive.function.client.WebClient$RequestBodySpec.headers(java.util.function.Consumer)" is null))
	at reactor.test.MessageFormatter.assertionError(MessageFormatter.java:115)
	at reacto
                                    </div>
                                </td>
                            </tr>


                            <tr>
                                <td><strong>testSignUp_AuthError</strong></td>
                                <td>Pruebas para AuthService</td>
                                <td><span class="status-badge status-passed">‚úÖ Exitoso</span></td>
                                <td><span class="time-badge">0.019s</span></td>
                            </tr>


                        </tbody>
                    </table>
                </div>
            </div>

            <div class="suite-card">
                <div class="suite-header" onclick="toggleSuite('suite-1')">
                    <h3>com.planifikausersapi.usersapi.service.SIUAuthServiceTest</h3>
                    <div class="suite-stats">
                        <span>‚úÖ 2</span>
                        <span>‚ùå 4</span>
                        <span>‚è±Ô∏è 0.32s</span>
                        <span>üìä 6 pruebas</span>
                    </div>
                </div>
                <div class="suite-content" id="suite-1">
                    <table class="test-table">
                        <thead>
                            <tr>
                                <th>Prueba</th>
                                <th>Clase</th>
                                <th>Estado</th>
                                <th>Tiempo</th>
                            </tr>
                        </thead>
                        <tbody>

                            <tr>
                                <td><strong>testExternalLogin_UserNotExists_CreatesNew</strong></td>
                                <td>Pruebas para SIUAuthService</td>
                                <td><span class="status-badge status-failure">‚ùå Fallido</span></td>
                                <td><span class="time-badge">0.210s</span></td>
                            </tr>

                            <tr>
                                <td colspan="4">
                                    <div class="error-details">
                                        <strong>java.lang.AssertionError:</strong><br>
                                        java.lang.AssertionError: expectation "assertNext" failed (expected: onNext(); actual: onError(java.lang.StringIndexOutOfBoundsException: Range [0, 50) out of bounds for length 22))
	at reactor.test.MessageFormatter.assertionError(MessageFormatter.java:115)
	at reactor.test.MessageFormatter.failPrefix(MessageFormatter.java:104)
	at reactor.test.MessageFormatter.fail(MessageFormatter.java:73)
	at reactor.test.MessageFormatter.failOptional(MessageFormatter.java:88)
	at reactor.test.DefaultStepVeri
                                    </div>
                                </td>
                            </tr>


                            <tr>
                                <td><strong>testSignIn_InvalidCredentials</strong></td>
                                <td>Pruebas para SIUAuthService</td>
                                <td><span class="status-badge status-passed">‚úÖ Exitoso</span></td>
                                <td><span class="time-badge">0.015s</span></td>
                            </tr>


                            <tr>
                                <td><strong>testSignIn_Success</strong></td>
                                <td>Pruebas para SIUAuthService</td>
                                <td><span class="status-badge status-passed">‚úÖ Exitoso</span></td>
                                <td><span class="time-badge">0.015s</span></td>
                            </tr>


                            <tr>
                                <td><strong>testExternalLogin_NonStudentUser</strong></td>
                                <td>Pruebas para SIUAuthService</td>
                                <td><span class="status-badge status-failure">‚ùå Fallido</span></td>
                                <td><span class="time-badge">0.020s</span></td>
                            </tr>

                            <tr>
                                <td colspan="4">
                                    <div class="error-details">
                                        <strong>java.lang.AssertionError:</strong><br>
                                        java.lang.AssertionError: expectation "assertNext" failed (expected: onNext(); actual: onError(java.lang.NullPointerException: Cannot invoke "com.planifikausersapi.usersapi.model.UserPlanifika.getIdUser()" because "user" is null))
	at reactor.test.MessageFormatter.assertionError(MessageFormatter.java:115)
	at reactor.test.MessageFormatter.failPrefix(MessageFormatter.java:104)
	at reactor.test.MessageFormatter.fail(MessageFormatter.java:73)
	at reactor.test.MessageFormatter.failOptional(MessageFo
                                    </div>
                                </td>
                            </tr>


                            <tr>
                                <td><strong>testExternalLogin_UserExists</strong></td>
                                <td>Pruebas para SIUAuthService</td>
                                <td><span class="status-badge status-failure">‚ùå Fallido</span></td>
                                <td><span class="time-badge">0.017s</span></td>
                            </tr>

                            <tr>
                                <td colspan="4">
                                    <div class="error-details">
                                        <strong>java.lang.AssertionError:</strong><br>
                                        java.lang.AssertionError: expectation "assertNext" failed (expected: onNext(); actual: onError(java.lang.StringIndexOutOfBoundsException: Range [0, 50) out of bounds for length 22))
	at reactor.test.MessageFormatter.assertionError(MessageFormatter.java:115)
	at reactor.test.MessageFormatter.failPrefix(MessageFormatter.java:104)
	at reactor.test.MessageFormatter.fail(MessageFormatter.java:73)
	at reactor.test.MessageFormatter.failOptional(MessageFormatter.java:88)
	at reactor.test.DefaultStepVeri
                                    </div>
                                </td>
                            </tr>


                            <tr>
                                <td><strong>testExternalLogin_UserNeedsUpdate</strong></td>
                                <td>Pruebas para SIUAuthService</td>
                                <td><span class="status-badge status-failure">‚ùå Fallido</span></td>
                                <td><span class="time-badge">0.019s</span></td>
                            </tr>

                            <tr>
                                <td colspan="4">
                                    <div class="error-details">
                                        <strong>java.lang.AssertionError:</strong><br>
                                        java.lang.AssertionError: expectation "assertNext" failed (expected: onNext(); actual: onError(java.lang.StringIndexOutOfBoundsException: Range [0, 50) out of bounds for length 22))
	at reactor.test.MessageFormatter.assertionError(MessageFormatter.java:115)
	at reactor.test.MessageFormatter.failPrefix(MessageFormatter.java:104)
	at reactor.test.MessageFormatter.fail(MessageFormatter.java:73)
	at reactor.test.MessageFormatter.failOptional(MessageFormatter.java:88)
	at reactor.test.DefaultStepVeri
                                    </div>
                                </td>
                            </tr>


                        </tbody>
                    </table>
                </div>
            </div>

            <div class="suite-card">
                <div class="suite-header" onclick="toggleSuite('suite-2')">
                    <h3>com.planifikausersapi.usersapi.service.SIUUserServiceTest</h3>
                    <div class="suite-stats">
                        <span>‚úÖ 7</span>
                        <span>‚ùå 0</span>
                        <span>‚è±Ô∏è 0.20s</span>
                        <span>üìä 7 pruebas</span>
                    </div>
                </div>
                <div class="suite-content" id="suite-2">
                    <table class="test-table">
                        <thead>
                            <tr>
                                <th>Prueba</th>
                                <th>Clase</th>
                                <th>Estado</th>
                                <th>Tiempo</th>
                            </tr>
                        </thead>
                        <tbody>

                            <tr>
                                <td><strong>testFindBySupabaseId_NotFound</strong></td>
                                <td>Pruebas para SIUUserService</td>
                                <td><span class="status-badge status-passed">‚úÖ Exitoso</span></td>
                                <td><span class="time-badge">0.149s</span></td>
                            </tr>


                            <tr>
                                <td><strong>testFindBySupabaseId_Success</strong></td>
                                <td>Pruebas para SIUUserService</td>
                                <td><span class="status-badge status-passed">‚úÖ Exitoso</span></td>
                                <td><span class="time-badge">0.006s</span></td>
                            </tr>


                            <tr>
                                <td><strong>testFindBySupabaseId_DifferentUUIDs</strong></td>
                                <td>Pruebas para SIUUserService</td>
                                <td><span class="status-badge status-passed">‚úÖ Exitoso</span></td>
                                <td><span class="time-badge">0.009s</span></td>
                            </tr>


                            <tr>
                                <td><strong>testFindBySupabaseId_ExceptionMessage</strong></td>
                                <td>Pruebas para SIUUserService</td>
                                <td><span class="status-badge status-passed">‚úÖ Exitoso</span></td>
                                <td><span class="time-badge">0.008s</span></td>
                            </tr>


                            <tr>
                                <td><strong>testFindBySupabaseId_MultipleCalls</strong></td>
                                <td>Pruebas para SIUUserService</td>
                                <td><span class="status-badge status-passed">‚úÖ Exitoso</span></td>
                                <td><span class="time-badge">0.005s</span></td>
                            </tr>


                            <tr>
                                <td><strong>testFindBySupabaseId_AllFields</strong></td>
                                <td>Pruebas para SIUUserService</td>
                                <td><span class="status-badge status-passed">‚úÖ Exitoso</span></td>
                                <td><span class="time-badge">0.007s</span></td>
                            </tr>


                            <tr>
                                <td><strong>testFindBySupabaseId_NullPhotoUrl</strong></td>
                                <td>Pruebas para SIUUserService</td>
                                <td><span class="status-badge status-passed">‚úÖ Exitoso</span></td>
                                <td><span class="time-badge">0.006s</span></td>
                            </tr>


                        </tbody>
                    </table>
                </div>
            </div>

            <div class="suite-card">
                <div class="suite-header" onclick="toggleSuite('suite-3')">
                    <h3>com.planifikausersapi.usersapi.service.TicketServiceTest</h3>
                    <div class="suite-stats">
                        <span>‚úÖ 17</span>
                        <span>‚ùå 0</span>
                        <span>‚è±Ô∏è 0.33s</span>
                        <span>üìä 17 pruebas</span>
                    </div>
                </div>
                <div class="suite-content" id="suite-3">
                    <table class="test-table">
                        <thead>
                            <tr>
                                <th>Prueba</th>
                                <th>Clase</th>
                                <th>Estado</th>
                                <th>Tiempo</th>
                            </tr>
                        </thead>
                        <tbody>

                            <tr>
                                <td><strong>testGetAllTickets_EmptyList</strong></td>
                                <td>Pruebas para TicketService</td>
                                <td><span class="status-badge status-passed">‚úÖ Exitoso</span></td>
                                <td><span class="time-badge">0.197s</span></td>
                            </tr>


                            <tr>
                                <td><strong>testUpdateTicket_OnlyAnswer</strong></td>
                                <td>Pruebas para TicketService</td>
                                <td><span class="status-badge status-passed">‚úÖ Exitoso</span></td>
                                <td><span class="time-badge">0.011s</span></td>
                            </tr>


                            <tr>
                                <td><strong>testDeleteTicket_NotFound</strong></td>
                                <td>Pruebas para TicketService</td>
                                <td><span class="status-badge status-passed">‚úÖ Exitoso</span></td>
                                <td><span class="time-badge">0.007s</span></td>
                            </tr>


                            <tr>
                                <td><strong>testUpdateTicket_OnlyStatus</strong></td>
                                <td>Pruebas para TicketService</td>
                                <td><span class="status-badge status-passed">‚úÖ Exitoso</span></td>
                                <td><span class="time-badge">0.009s</span></td>
                            </tr>


                            <tr>
                                <td><strong>testGetTicketById_Success</strong></td>
                                <td>Pruebas para TicketService</td>
                                <td><span class="status-badge status-passed">‚úÖ Exitoso</span></td>
                                <td><span class="time-badge">0.006s</span></td>
                            </tr>


                            <tr>
                                <td><strong>testGetTicketsByStatus</strong></td>
                                <td>Pruebas para TicketService</td>
                                <td><span class="status-badge status-passed">‚úÖ Exitoso</span></td>
                                <td><span class="time-badge">0.006s</span></td>
                            </tr>


                            <tr>
                                <td><strong>testGetTicketById_NotFound</strong></td>
                                <td>Pruebas para TicketService</td>
                                <td><span class="status-badge status-passed">‚úÖ Exitoso</span></td>
                                <td><span class="time-badge">0.004s</span></td>
                            </tr>


                            <tr>
                                <td><strong>testMapToResponse_WithoutStatus</strong></td>
                                <td>Pruebas para TicketService</td>
                                <td><span class="status-badge status-passed">‚úÖ Exitoso</span></td>
                                <td><span class="time-badge">0.005s</span></td>
                            </tr>


                            <tr>
                                <td><strong>testDeleteTicket_Success</strong></td>
                                <td>Pruebas para TicketService</td>
                                <td><span class="status-badge status-passed">‚úÖ Exitoso</span></td>
                                <td><span class="time-badge">0.006s</span></td>
                            </tr>


                            <tr>
                                <td><strong>testUpdateTicket_NotFound</strong></td>
                                <td>Pruebas para TicketService</td>
                                <td><span class="status-badge status-passed">‚úÖ Exitoso</span></td>
                                <td><span class="time-badge">0.005s</span></td>
                            </tr>


                            <tr>
                                <td><strong>testGetTicketsPaged_EmptyPage</strong></td>
                                <td>Pruebas para TicketService</td>
                                <td><span class="status-badge status-passed">‚úÖ Exitoso</span></td>
                                <td><span class="time-badge">0.017s</span></td>
                            </tr>


                            <tr>
                                <td><strong>testGetTicketsByPlanifikaUser</strong></td>
                                <td>Pruebas para TicketService</td>
                                <td><span class="status-badge status-passed">‚úÖ Exitoso</span></td>
                                <td><span class="time-badge">0.005s</span></td>
                            </tr>


                            <tr>
                                <td><strong>testGetTicketsPaged</strong></td>
                                <td>Pruebas para TicketService</td>
                                <td><span class="status-badge status-passed">‚úÖ Exitoso</span></td>
                                <td><span class="time-badge">0.005s</span></td>
                            </tr>


                            <tr>
                                <td><strong>testCreateTicket_WithExistingStatus</strong></td>
                                <td>Pruebas para TicketService</td>
                                <td><span class="status-badge status-passed">‚úÖ Exitoso</span></td>
                                <td><span class="time-badge">0.007s</span></td>
                            </tr>


                            <tr>
                                <td><strong>testCreateTicket_CreateStatusIfNotExists</strong></td>
                                <td>Pruebas para TicketService</td>
                                <td><span class="status-badge status-passed">‚úÖ Exitoso</span></td>
                                <td><span class="time-badge">0.005s</span></td>
                            </tr>


                            <tr>
                                <td><strong>testGetAllTickets</strong></td>
                                <td>Pruebas para TicketService</td>
                                <td><span class="status-badge status-passed">‚úÖ Exitoso</span></td>
                                <td><span class="time-badge">0.005s</span></td>
                            </tr>


                            <tr>
                                <td><strong>testUpdateTicket_FullUpdate</strong></td>
                                <td>Pruebas para TicketService</td>
                                <td><span class="status-badge status-passed">‚úÖ Exitoso</span></td>
                                <td><span class="time-badge">0.006s</span></td>
                            </tr>


                        </tbody>
                    </table>
                </div>
            </div>

            <div class="suite-card">
                <div class="suite-header" onclick="toggleSuite('suite-4')">
                    <h3>com.planifikausersapi.usersapi.service.UserServiceTest</h3>
                    <div class="suite-stats">
                        <span>‚úÖ 16</span>
                        <span>‚ùå 0</span>
                        <span>‚è±Ô∏è 0.13s</span>
                        <span>üìä 16 pruebas</span>
                    </div>
                </div>
                <div class="suite-content" id="suite-4">
                    <table class="test-table">
                        <thead>
                            <tr>
                                <th>Prueba</th>
                                <th>Clase</th>
                                <th>Estado</th>
                                <th>Tiempo</th>
                            </tr>
                        </thead>
                        <tbody>

                            <tr>
                                <td><strong>testUpdateOrganization</strong></td>
                                <td>Pruebas para UserService</td>
                                <td><span class="status-badge status-passed">‚úÖ Exitoso</span></td>
                                <td><span class="time-badge">0.008s</span></td>
                            </tr>


                            <tr>
                                <td><strong>testPatchUpdate_WithNulls</strong></td>
                                <td>Pruebas para UserService</td>
                                <td><span class="status-badge status-passed">‚úÖ Exitoso</span></td>
                                <td><span class="time-badge">0.007s</span></td>
                            </tr>


                            <tr>
                                <td><strong>testFindBySupabaseId_NotFound</strong></td>
                                <td>Pruebas para UserService</td>
                                <td><span class="status-badge status-passed">‚úÖ Exitoso</span></td>
                                <td><span class="time-badge">0.007s</span></td>
                            </tr>


                            <tr>
                                <td><strong>testFindAll</strong></td>
                                <td>Pruebas para UserService</td>
                                <td><span class="status-badge status-passed">‚úÖ Exitoso</span></td>
                                <td><span class="time-badge">0.008s</span></td>
                            </tr>


                            <tr>
                                <td><strong>testSave</strong></td>
                                <td>Pruebas para UserService</td>
                                <td><span class="status-badge status-passed">‚úÖ Exitoso</span></td>
                                <td><span class="time-badge">0.005s</span></td>
                            </tr>


                            <tr>
                                <td><strong>testFindBySupabaseId_Success</strong></td>
                                <td>Pruebas para UserService</td>
                                <td><span class="status-badge status-passed">‚úÖ Exitoso</span></td>
                                <td><span class="time-badge">0.004s</span></td>
                            </tr>


                            <tr>
                                <td><strong>testUpdateStatus_Success</strong></td>
                                <td>Pruebas para UserService</td>
                                <td><span class="status-badge status-passed">‚úÖ Exitoso</span></td>
                                <td><span class="time-badge">0.011s</span></td>
                            </tr>


                            <tr>
                                <td><strong>testPatchUpdate_OnlyName</strong></td>
                                <td>Pruebas para UserService</td>
                                <td><span class="status-badge status-passed">‚úÖ Exitoso</span></td>
                                <td><span class="time-badge">0.009s</span></td>
                            </tr>


                            <tr>
                                <td><strong>testPatchUpdate_PartialUpdate</strong></td>
                                <td>Pruebas para UserService</td>
                                <td><span class="status-badge status-passed">‚úÖ Exitoso</span></td>
                                <td><span class="time-badge">0.006s</span></td>
                            </tr>


                            <tr>
                                <td><strong>testFindById_Success</strong></td>
                                <td>Pruebas para UserService</td>
                                <td><span class="status-badge status-passed">‚úÖ Exitoso</span></td>
                                <td><span class="time-badge">0.004s</span></td>
                            </tr>


                            <tr>
                                <td><strong>testUpdate_NotFound</strong></td>
                                <td>Pruebas para UserService</td>
                                <td><span class="status-badge status-passed">‚úÖ Exitoso</span></td>
                                <td><span class="time-badge">0.006s</span></td>
                            </tr>


                            <tr>
                                <td><strong>testUpdateStatus_InvalidStatus</strong></td>
                                <td>Pruebas para UserService</td>
                                <td><span class="status-badge status-passed">‚úÖ Exitoso</span></td>
                                <td><span class="time-badge">0.004s</span></td>
                            </tr>


                            <tr>
                                <td><strong>testDelete</strong></td>
                                <td>Pruebas para UserService</td>
                                <td><span class="status-badge status-passed">‚úÖ Exitoso</span></td>
                                <td><span class="time-badge">0.007s</span></td>
                            </tr>


                            <tr>
                                <td><strong>testFindById_NotFound</strong></td>
                                <td>Pruebas para UserService</td>
                                <td><span class="status-badge status-passed">‚úÖ Exitoso</span></td>
                                <td><span class="time-badge">0.006s</span></td>
                            </tr>


                            <tr>
                                <td><strong>testFindAll_EmptyList</strong></td>
                                <td>Pruebas para UserService</td>
                                <td><span class="status-badge status-passed">‚úÖ Exitoso</span></td>
                                <td><span class="time-badge">0.006s</span></td>
                            </tr>


                            <tr>
                                <td><strong>testUpdate_Success</strong></td>
                                <td>Pruebas para UserService</td>
                                <td><span class="status-badge status-passed">‚úÖ Exitoso</span></td>
                                <td><span class="time-badge">0.006s</span></td>
                            </tr>


                        </tbody>
                    </table>
                </div>
            </div>

            <div class="suite-card">
                <div class="suite-header" onclick="toggleSuite('suite-5')">
                    <h3>com.planifikausersapi.usersapi.UsersapiApplicationTests</h3>
                    <div class="suite-stats">
                        <span>‚úÖ 0</span>
                        <span>‚ùå 1</span>
                        <span>‚è±Ô∏è 8.11s</span>
                        <span>üìä 1 pruebas</span>
                    </div>
                </div>
                <div class="suite-content" id="suite-5">
                    <table class="test-table">
                        <thead>
                            <tr>
                                <th>Prueba</th>
                                <th>Clase</th>
                                <th>Estado</th>
                                <th>Tiempo</th>
                            </tr>
                        </thead>
                        <tbody>

                            <tr>
                                <td><strong>contextLoads</strong></td>
                                <td>com.planifikausersapi.usersapi.UsersapiApplicationTests</td>
                                <td><span class="status-badge status-error">‚ö†Ô∏è Error</span></td>
                                <td><span class="time-badge">0.006s</span></td>
                            </tr>

                            <tr>
                                <td colspan="4">
                                    <div class="error-details">
                                        <strong>java.lang.IllegalStateException:</strong><br>
                                        java.lang.IllegalStateException: Failed to load ApplicationContext for [WebMergedContextConfiguration@5fe4848 testClass = com.planifikausersapi.usersapi.UsersapiApplicationTests, locations = [], classes = [com.planifikausersapi.usersapi.UsersapiApplication], contextInitializerClasses = [], activeProfiles = [], propertySourceDescriptors = [], propertySourceProperties = ["org.springframework.boot.test.context.SpringBootTestContextBootstrapper=true"], contextCustomizers = [org.springframework.boot.
                                    </div>
                                </td>
                            </tr>


                        </tbody>
                    </table>
                </div>
            </div>

        </div>
        
        <div class="footer">
            <p>Generado autom√°ticamente por generate_test_report.py</p>
            <p>Planifika Users API - Dashboard de Pruebas</p>
        </div>
    </div>
    
    <script>
        function toggleSuite(suiteId) {
            const content = document.getElementById(suiteId);
            content.classList.toggle('active');
        }
        
        // Expandir primera suite por defecto
        document.addEventListener('DOMContentLoaded', function() {
            const firstSuite = document.querySelector('.suite-content');
            if (firstSuite) {
                firstSuite.classList.add('active');
            }
        });
    </script>
</body>
</html>
